1711740876935	geckodriver	INFO	Listening on 127.0.0.1:37767
1711740877458	mozrunner::runner	INFO	Running command: MOZ_CRASHREPORTER="1" MOZ_CRASHREPORTER_NO_REPORT="1" MOZ_CRASHREPORTER_SHUTDOWN="1" MOZ_NO_REMOTE="1" "/usr ... te" "--remote-debugging-port" "38791" "--remote-allow-hosts" "localhost" "-no-remote" "-profile" "/tmp/rust_mozprofileYL7k1Z"
console.warn: services.settings: Ignoring preference override of remote settings server
console.warn: services.settings: Allow by setting MOZ_REMOTE_SETTINGS_DEVTOOLS=1 in the environment
ATTENTION: default value of option mesa_glthread overridden by environment.
ATTENTION: default value of option mesa_glthread overridden by environment.
ATTENTION: default value of option mesa_glthread overridden by environment.
1711740878032	Marionette	INFO	Marionette enabled
1711740878081	Marionette	INFO	Listening on port 45183
WebDriver BiDi listening on ws://127.0.0.1:38791
Read port: 45183
1711740878220	RemoteAgent	WARN	TLS certificate errors will be ignored for this session
console.error: ({})
DevTools listening on ws://127.0.0.1:38791/devtools/browser/04930f6d-2da2-431d-b63a-968427ed7f70
console.error: "update.locale" " file doesn't exist in either the application or GRE directories"
1711740908048	addons.xpi	ERROR	System addon update list error SyntaxError: The URI is malformed.
Exiting due to channel error.
Exiting due to channel error.
Exiting due to channel error.
Exiting due to channel error.
Exiting due to channel error.
Exiting due to channel error.
